Using pre-set license
Built from '2020.3/china_unity/release' branch; Version is '2020.3.9f1c1 (ef65345766d1) revision 15689012'; Using compiler version '192528614'; Build Type 'Release'
OS: 'Windows 10 Home China; OS build 19042.1466; Version 2009; 64bit' Language: 'zh' Physical Memory: 16257 MB
BatchMode: 1, IsHumanControllingUs: 0, StartBugReporterOnCrash: 0, Is64bit: 1, IsPro: 0

 COMMAND LINE ARGUMENTS:
D:\code\2020.3.9f1c1\Editor\Unity.exe
-adb2
-batchMode
-noUpm
-name
AssetImportWorker0
-projectPath
D:/code/u3d/Unity-PBR-practice
-logFile
Logs/AssetImportWorker0.log
-srvPort
60121
Successfully changed project path to: D:/code/u3d/Unity-PBR-practice
D:/code/u3d/Unity-PBR-practice
Using Asset Import Pipeline V2.
Refreshing native plugins compatible for Editor in 25.98 ms, found 0 plugins.
Preloading 0 native plugins for Editor in 0.00 ms.
Initialize engine version: 2020.3.9f1c1 (ef65345766d1)
[Subsystems] Discovering subsystems at path D:/code/2020.3.9f1c1/Editor/Data/Resources/UnitySubsystems
[Subsystems] Discovering subsystems at path D:/code/u3d/Unity-PBR-practice/Assets
GfxDevice: creating device client; threaded=0
Direct3D:
    Version:  Direct3D 11.0 [level 11.1]
    Renderer: NVIDIA GeForce GTX 1060 (ID=0x1c20)
    Vendor:   
    VRAM:     6052 MB
    Driver:   30.0.14.9729
Initialize mono
Mono path[0] = 'D:/code/2020.3.9f1c1/Editor/Data/Managed'
Mono path[1] = 'D:/code/2020.3.9f1c1/Editor/Data/MonoBleedingEdge/lib/mono/unityjit'
Mono config path = 'D:/code/2020.3.9f1c1/Editor/Data/MonoBleedingEdge/etc'
Using monoOptions --debugger-agent=transport=dt_socket,embedding=1,server=y,suspend=n,address=127.0.0.1:56964
Begin MonoManager ReloadAssembly
Registering precompiled unity dll's ...
Register platform support module: D:/code/2020.3.9f1c1/Editor/Data/PlaybackEngines/WindowsStandaloneSupport/UnityEditor.WindowsStandalone.Extensions.dll
Registered in 0.001345 seconds.
Native extension for WindowsStandalone target not found
Refreshing native plugins compatible for Editor in 27.38 ms, found 0 plugins.
Preloading 0 native plugins for Editor in 0.00 ms.
Mono: successfully reloaded assembly
- Completed reload, in  1.166 seconds
Platform modules already initialized, skipping
Registering precompiled user dll's ...
Registered in 0.001448 seconds.
Begin MonoManager ReloadAssembly
Native extension for WindowsStandalone target not found
Refreshing native plugins compatible for Editor in 26.45 ms, found 0 plugins.
Preloading 0 native plugins for Editor in 0.00 ms.
Mono: successfully reloaded assembly
- Completed reload, in  0.874 seconds
Platform modules already initialized, skipping
========================================================================
Worker process is ready to serve import requests
Launched and connected shader compiler UnityShaderCompiler.exe after 0.06 seconds
Refreshing native plugins compatible for Editor in 0.24 ms, found 0 plugins.
Preloading 0 native plugins for Editor in 0.00 ms.
Unloading 1295 Unused Serialized files (Serialized files now loaded: 0)
System memory in use before: 67.7 MB.
System memory in use after: 67.8 MB.

Unloading 11 unused Assets to reduce memory usage. Loaded Objects now: 1737.
Total: 1.690300 ms (FindLiveObjects: 0.134800 ms CreateObjectMapping: 0.033600 ms MarkObjects: 1.462200 ms  DeleteObjects: 0.058800 ms)

========================================================================
Received Import Request.
  path: Assets/PBR-Examples/Materials/test2.mat
  artifactKey: Guid(1c8f3cb30591a8046b515d384d058dda) Importer(815301076,1909f56bfc062723c751e8b465ee728b)
Start importing Assets/PBR-Examples/Materials/test2.mat using Guid(1c8f3cb30591a8046b515d384d058dda) Importer(815301076,1909f56bfc062723c751e8b465ee728b)  -> (artifact id: '2f97bdd4f777243c27b35ecbdaa31c79') in 0.525040 seconds
  Import took 0.527612 seconds .

========================================================================
Received Import Request.
  Time since last request: 0.000388 seconds.
  path: Assets/PBR-Examples/Materials/Cerberus.mat
  artifactKey: Guid(87f1c89dbe36bb84da679ee37f804f97) Importer(815301076,1909f56bfc062723c751e8b465ee728b)
Start importing Assets/PBR-Examples/Materials/Cerberus.mat using Guid(87f1c89dbe36bb84da679ee37f804f97) Importer(815301076,1909f56bfc062723c751e8b465ee728b)  -> (artifact id: '9ad461b1ee9fdee3b83ba25d04e27395') in 0.567994 seconds
  Import took 0.570004 seconds .

========================================================================
Received Import Request.
  Time since last request: 0.000316 seconds.
  path: Assets/PBR-Examples/Materials/Test.mat
  artifactKey: Guid(efb33256d0af64049a5441326993b709) Importer(815301076,1909f56bfc062723c751e8b465ee728b)
Start importing Assets/PBR-Examples/Materials/Test.mat using Guid(efb33256d0af64049a5441326993b709) Importer(815301076,1909f56bfc062723c751e8b465ee728b)  -> (artifact id: '13a4f9651dcc22efa160653132068c3d') in 0.627396 seconds
  Import took 0.629393 seconds .

========================================================================
Received Import Request.
  Time since last request: 30229.527211 seconds.
  path: Assets/PBR-Examples/Models/Cerberus/Cerberus_R.tga
  artifactKey: Guid(9a9871612ed72dd4582c75ccf748b19d) Importer(815301076,1909f56bfc062723c751e8b465ee728b)
Start importing Assets/PBR-Examples/Models/Cerberus/Cerberus_R.tga using Guid(9a9871612ed72dd4582c75ccf748b19d) Importer(815301076,1909f56bfc062723c751e8b465ee728b)  -> (artifact id: 'c14c67e51ca2d05b2c2ffa17f2858da1') in 0.399535 seconds
  Import took 0.473631 seconds .

========================================================================
Received Import Request.
  Time since last request: 0.001311 seconds.
  path: Assets/PBR-Examples/Models/Cerberus/Cerberus_R.tga
  artifactKey: Guid(9a9871612ed72dd4582c75ccf748b19d) Importer(815301076,1909f56bfc062723c751e8b465ee728b)
Start importing Assets/PBR-Examples/Models/Cerberus/Cerberus_R.tga using Guid(9a9871612ed72dd4582c75ccf748b19d) Importer(815301076,1909f56bfc062723c751e8b465ee728b)  -> (artifact id: 'c14c67e51ca2d05b2c2ffa17f2858da1') in 0.013736 seconds
  Import took 0.015904 seconds .

AssetImportWorkerClient::OnTransportError - code=2 error=End of file
